<?xml version="1.0" encoding="UTF-8"?>
<!-- Generated by org.testng.reporters.JUnitReportReporter -->
<testsuite hostname="VigneshRam" failures="0" tests="1" name="amazontest.AmazonTest" time="20.557" errors="0" timestamp="2025-09-29T09:25:57 IST" skipped="0">
  <testcase classname="amazontest.AmazonTest" name="amazonFlowTest" time="20.557"/>
</testsuite> <!-- amazontest.AmazonTest -->
